app/build/intermediates/manifest_merge_blame_file/debug/manifest-merger-blame-debug-report.txt
1<?xml version="1.0" encoding="utf-8"?>
2<manifest xmlns:android="http://schemas.android.com/apk/res/android"
3    package="com.example.dalniapp"
4    android:versionCode="1"
5    android:versionName="1.0" >
6
7    <uses-sdk
8        android:minSdkVersion="21"
8-->src\main\AndroidManifest.xml
9        android:targetSdkVersion="30" />
9-->src\main\AndroidManifest.xml
10    <!--
11         The ACCESS_COARSE/FINE_LOCATION permissions are not required to use
12         Google Maps Android API v2, but you must specify either coarse or fine
13         location permissions for the "MyLocation" functionality.
14    -->
15    <uses-permission android:name="android.permission.INTERNET" />
15-->src\main\AndroidManifest.xml:9:5-67
15-->src\main\AndroidManifest.xml:9:22-64
16    <uses-permission android:name="android.permission.ACCESS_NETWORK_STATE" />
16-->src\main\AndroidManifest.xml:10:5-79
16-->src\main\AndroidManifest.xml:10:22-76
17    <uses-permission android:name="android.permission.ACCESS_FINE_LOCATION" />
17-->src\main\AndroidManifest.xml:11:5-79
17-->src\main\AndroidManifest.xml:11:22-76
18    <uses-permission android:name="android.permission.ACCESS_COARSE_LOCATION" />
18-->src\main\AndroidManifest.xml:12:5-81
18-->src\main\AndroidManifest.xml:12:22-78
19
20    <uses-feature
20-->[com.google.android.gms:play-services-maps:17.0.0] AndroidManifest.xml:26:5-28:35
21        android:glEsVersion="0x00020000"
21-->[com.google.android.gms:play-services-maps:17.0.0] AndroidManifest.xml:27:9-41
22        android:required="true" />
22-->[com.google.android.gms:play-services-maps:17.0.0] AndroidManifest.xml:28:9-32
23
24    <application
24-->src\main\AndroidManifest.xml:14:5-56:19
25        android:allowBackup="true"
25-->src\main\AndroidManifest.xml:15:9-35
26        android:appComponentFactory="androidx.core.app.CoreComponentFactory"
26-->[androidx.core:core:1.3.2] AndroidManifest.xml:24:18-86
27        android:debuggable="true"
28        android:icon="@drawable/logo_hd"
28-->src\main\AndroidManifest.xml:16:9-41
29        android:label="@string/app_name"
29-->src\main\AndroidManifest.xml:17:9-41
30        android:roundIcon="@mipmap/ic_launcher_round"
30-->src\main\AndroidManifest.xml:18:9-54
31        android:supportsRtl="true"
31-->src\main\AndroidManifest.xml:19:9-35
32        android:theme="@style/Theme.DalniApp" >
32-->src\main\AndroidManifest.xml:20:9-46
33        <activity android:name="com.example.dalniapp.SuggestionActivity" />
33-->src\main\AndroidManifest.xml:26:9-55
33-->src\main\AndroidManifest.xml:26:19-53
34        <activity android:name="com.example.dalniapp.historyActivity" />
34-->src\main\AndroidManifest.xml:27:9-53
34-->src\main\AndroidManifest.xml:27:19-50
35        <activity android:name="com.example.dalniapp.About_usActivity" />
35-->src\main\AndroidManifest.xml:28:9-54
35-->src\main\AndroidManifest.xml:28:19-51
36        <activity android:name="com.example.dalniapp.G1Activity" />
36-->src\main\AndroidManifest.xml:29:9-48
36-->src\main\AndroidManifest.xml:29:19-45
37        <activity android:name="com.example.dalniapp.UserActivity" />
37-->src\main\AndroidManifest.xml:30:9-50
37-->src\main\AndroidManifest.xml:30:19-47
38
39        <meta-data
39-->src\main\AndroidManifest.xml:32:9-34:55
40            android:name="com.google.android.geo.API_KEY"
40-->src\main\AndroidManifest.xml:33:13-58
41            android:value="@string/google_maps_key" />
41-->src\main\AndroidManifest.xml:34:13-52
42
43        <activity
43-->src\main\AndroidManifest.xml:36:9-38:52
44            android:name="com.example.dalniapp.TabbedActivity"
44-->src\main\AndroidManifest.xml:37:13-43
45            android:screenOrientation="portrait" />
45-->src\main\AndroidManifest.xml:38:13-49
46        <activity
46-->src\main\AndroidManifest.xml:39:9-41:52
47            android:name="com.example.dalniapp.SearchActivity"
47-->src\main\AndroidManifest.xml:40:13-43
48            android:screenOrientation="portrait" />
48-->src\main\AndroidManifest.xml:41:13-49
49        <activity
49-->src\main\AndroidManifest.xml:42:9-52:20
50            android:name="com.example.dalniapp.SplashActivity"
50-->src\main\AndroidManifest.xml:43:13-43
51            android:screenOrientation="portrait" >
51-->src\main\AndroidManifest.xml:44:13-49
52            <intent-filter>
52-->src\main\AndroidManifest.xml:45:13-51:29
53                <action
53-->src\main\AndroidManifest.xml:46:17-48:60
54                    android:name="android.intent.action.MAIN"
54-->src\main\AndroidManifest.xml:47:21-62
55                    android:screenOrientation="portrait" />
55-->src\main\AndroidManifest.xml:48:21-57
56
57                <category android:name="android.intent.category.LAUNCHER" />
57-->src\main\AndroidManifest.xml:50:17-77
57-->src\main\AndroidManifest.xml:50:27-74
58            </intent-filter>
59        </activity>
60        <activity
60-->src\main\AndroidManifest.xml:53:9-55:52
61            android:name="com.example.dalniapp.MainActivity"
61-->src\main\AndroidManifest.xml:54:13-41
62            android:screenOrientation="portrait" />
62-->src\main\AndroidManifest.xml:55:13-49
63
64        <meta-data
64-->[com.firebaseui:firebase-ui-auth:6.4.0] AndroidManifest.xml:16:9-18:69
65            android:name="com.google.android.gms.version"
65-->[com.firebaseui:firebase-ui-auth:6.4.0] AndroidManifest.xml:17:13-58
66            android:value="@integer/google_play_services_version" />
66-->[com.firebaseui:firebase-ui-auth:6.4.0] AndroidManifest.xml:18:13-66
67        <meta-data
67-->[com.firebaseui:firebase-ui-auth:6.4.0] AndroidManifest.xml:19:9-21:63
68            android:name="com.facebook.sdk.ApplicationId"
68-->[com.firebaseui:firebase-ui-auth:6.4.0] AndroidManifest.xml:20:13-58
69            android:value="@string/facebook_application_id" />
69-->[com.firebaseui:firebase-ui-auth:6.4.0] AndroidManifest.xml:21:13-60
70
71        <activity
71-->[com.firebaseui:firebase-ui-auth:6.4.0] AndroidManifest.xml:23:9-27:61
72            android:name="com.firebase.ui.auth.KickoffActivity"
72-->[com.firebaseui:firebase-ui-auth:6.4.0] AndroidManifest.xml:24:13-64
73            android:exported="false"
73-->[com.firebaseui:firebase-ui-auth:6.4.0] AndroidManifest.xml:25:13-37
74            android:label=""
74-->[com.firebaseui:firebase-ui-auth:6.4.0] AndroidManifest.xml:26:13-29
75            android:theme="@style/FirebaseUI.Transparent" />
75-->[com.firebaseui:firebase-ui-auth:6.4.0] AndroidManifest.xml:27:13-58
76        <activity
76-->[com.firebaseui:firebase-ui-auth:6.4.0] AndroidManifest.xml:28:9-32:61
77            android:name="com.firebase.ui.auth.ui.idp.SingleSignInActivity"
77-->[com.firebaseui:firebase-ui-auth:6.4.0] AndroidManifest.xml:29:13-76
78            android:exported="false"
78-->[com.firebaseui:firebase-ui-auth:6.4.0] AndroidManifest.xml:30:13-37
79            android:label=""
79-->[com.firebaseui:firebase-ui-auth:6.4.0] AndroidManifest.xml:31:13-29
80            android:theme="@style/FirebaseUI.Transparent" />
80-->[com.firebaseui:firebase-ui-auth:6.4.0] AndroidManifest.xml:32:13-58
81        <activity
81-->[com.firebaseui:firebase-ui-auth:6.4.0] AndroidManifest.xml:33:9-37:61
82            android:name="com.firebase.ui.auth.ui.credentials.CredentialSaveActivity"
82-->[com.firebaseui:firebase-ui-auth:6.4.0] AndroidManifest.xml:34:13-86
83            android:exported="false"
83-->[com.firebaseui:firebase-ui-auth:6.4.0] AndroidManifest.xml:35:13-37
84            android:label=""
84-->[com.firebaseui:firebase-ui-auth:6.4.0] AndroidManifest.xml:36:13-29
85            android:theme="@style/FirebaseUI.Transparent" />
85-->[com.firebaseui:firebase-ui-auth:6.4.0] AndroidManifest.xml:37:13-58
86        <activity
86-->[com.firebaseui:firebase-ui-auth:6.4.0] AndroidManifest.xml:38:9-42:58
87            android:name="com.firebase.ui.auth.ui.email.RecoverPasswordActivity"
87-->[com.firebaseui:firebase-ui-auth:6.4.0] AndroidManifest.xml:39:13-81
88            android:exported="false"
88-->[com.firebaseui:firebase-ui-auth:6.4.0] AndroidManifest.xml:40:13-37
89            android:label="@string/fui_title_recover_password_activity"
89-->[com.firebaseui:firebase-ui-auth:6.4.0] AndroidManifest.xml:41:13-72
90            android:windowSoftInputMode="adjustResize" />
90-->[com.firebaseui:firebase-ui-auth:6.4.0] AndroidManifest.xml:42:13-55
91        <activity
91-->[com.firebaseui:firebase-ui-auth:6.4.0] AndroidManifest.xml:43:9-47:58
92            android:name="com.firebase.ui.auth.ui.email.EmailActivity"
92-->[com.firebaseui:firebase-ui-auth:6.4.0] AndroidManifest.xml:44:13-71
93            android:exported="false"
93-->[com.firebaseui:firebase-ui-auth:6.4.0] AndroidManifest.xml:45:13-37
94            android:label="@string/fui_sign_in_default"
94-->[com.firebaseui:firebase-ui-auth:6.4.0] AndroidManifest.xml:46:13-56
95            android:windowSoftInputMode="adjustResize" />
95-->[com.firebaseui:firebase-ui-auth:6.4.0] AndroidManifest.xml:47:13-55
96        <activity
96-->[com.firebaseui:firebase-ui-auth:6.4.0] AndroidManifest.xml:48:9-52:77
97            android:name="com.firebase.ui.auth.ui.phone.PhoneActivity"
97-->[com.firebaseui:firebase-ui-auth:6.4.0] AndroidManifest.xml:49:13-71
98            android:exported="false"
98-->[com.firebaseui:firebase-ui-auth:6.4.0] AndroidManifest.xml:50:13-37
99            android:label="@string/fui_sign_in_with_phone_number"
99-->[com.firebaseui:firebase-ui-auth:6.4.0] AndroidManifest.xml:51:13-66
100            android:windowSoftInputMode="adjustResize|stateAlwaysVisible" />
100-->[com.firebaseui:firebase-ui-auth:6.4.0] AndroidManifest.xml:52:13-74
101        <activity
101-->[com.firebaseui:firebase-ui-auth:6.4.0] AndroidManifest.xml:53:9-57:58
102            android:name="com.firebase.ui.auth.ui.idp.WelcomeBackIdpPrompt"
102-->[com.firebaseui:firebase-ui-auth:6.4.0] AndroidManifest.xml:54:13-76
103            android:exported="false"
103-->[com.firebaseui:firebase-ui-auth:6.4.0] AndroidManifest.xml:55:13-37
104            android:label="@string/fui_title_welcome_back_idp_prompt"
104-->[com.firebaseui:firebase-ui-auth:6.4.0] AndroidManifest.xml:56:13-70
105            android:windowSoftInputMode="adjustResize" />
105-->[com.firebaseui:firebase-ui-auth:6.4.0] AndroidManifest.xml:57:13-55
106        <activity
106-->[com.firebaseui:firebase-ui-auth:6.4.0] AndroidManifest.xml:58:9-62:58
107            android:name="com.firebase.ui.auth.ui.email.WelcomeBackPasswordPrompt"
107-->[com.firebaseui:firebase-ui-auth:6.4.0] AndroidManifest.xml:59:13-83
108            android:exported="false"
108-->[com.firebaseui:firebase-ui-auth:6.4.0] AndroidManifest.xml:60:13-37
109            android:label="@string/fui_title_welcome_back_password_prompt"
109-->[com.firebaseui:firebase-ui-auth:6.4.0] AndroidManifest.xml:61:13-75
110            android:windowSoftInputMode="adjustResize" />
110-->[com.firebaseui:firebase-ui-auth:6.4.0] AndroidManifest.xml:62:13-55
111        <activity
111-->[com.firebaseui:firebase-ui-auth:6.4.0] AndroidManifest.xml:63:9-67:58
112            android:name="com.firebase.ui.auth.ui.email.WelcomeBackEmailLinkPrompt"
112-->[com.firebaseui:firebase-ui-auth:6.4.0] AndroidManifest.xml:64:13-84
113            android:exported="false"
113-->[com.firebaseui:firebase-ui-auth:6.4.0] AndroidManifest.xml:65:13-37
114            android:label="@string/fui_title_welcome_back_password_prompt"
114-->[com.firebaseui:firebase-ui-auth:6.4.0] AndroidManifest.xml:66:13-75
115            android:windowSoftInputMode="adjustResize" />
115-->[com.firebaseui:firebase-ui-auth:6.4.0] AndroidManifest.xml:67:13-55
116        <activity
116-->[com.firebaseui:firebase-ui-auth:6.4.0] AndroidManifest.xml:68:9-73:58
117            android:name="com.firebase.ui.auth.ui.email.EmailLinkCatcherActivity"
117-->[com.firebaseui:firebase-ui-auth:6.4.0] AndroidManifest.xml:69:13-82
118            android:exported="false"
118-->[com.firebaseui:firebase-ui-auth:6.4.0] AndroidManifest.xml:70:13-37
119            android:label=""
119-->[com.firebaseui:firebase-ui-auth:6.4.0] AndroidManifest.xml:71:13-29
120            android:theme="@style/FirebaseUI.Transparent"
120-->[com.firebaseui:firebase-ui-auth:6.4.0] AndroidManifest.xml:72:13-58
121            android:windowSoftInputMode="adjustResize" />
121-->[com.firebaseui:firebase-ui-auth:6.4.0] AndroidManifest.xml:73:13-55
122        <activity
122-->[com.firebaseui:firebase-ui-auth:6.4.0] AndroidManifest.xml:74:9-78:58
123            android:name="com.firebase.ui.auth.ui.email.EmailLinkErrorRecoveryActivity"
123-->[com.firebaseui:firebase-ui-auth:6.4.0] AndroidManifest.xml:75:13-88
124            android:exported="false"
124-->[com.firebaseui:firebase-ui-auth:6.4.0] AndroidManifest.xml:76:13-37
125            android:label="@string/fui_sign_in_default"
125-->[com.firebaseui:firebase-ui-auth:6.4.0] AndroidManifest.xml:77:13-56
126            android:windowSoftInputMode="adjustResize" />
126-->[com.firebaseui:firebase-ui-auth:6.4.0] AndroidManifest.xml:78:13-55
127        <activity
127-->[com.firebaseui:firebase-ui-auth:6.4.0] AndroidManifest.xml:79:9-82:65
128            android:name="com.firebase.ui.auth.ui.idp.AuthMethodPickerActivity"
128-->[com.firebaseui:firebase-ui-auth:6.4.0] AndroidManifest.xml:80:13-80
129            android:exported="false"
129-->[com.firebaseui:firebase-ui-auth:6.4.0] AndroidManifest.xml:81:13-37
130            android:label="@string/fui_default_toolbar_title" />
130-->[com.firebaseui:firebase-ui-auth:6.4.0] AndroidManifest.xml:82:13-62
131        <activity
131-->[com.firebaseui:firebase-ui-auth:6.4.0] AndroidManifest.xml:83:9-87:48
132            android:name="com.facebook.FacebookActivity"
132-->[com.firebaseui:firebase-ui-auth:6.4.0] AndroidManifest.xml:84:13-57
133            android:configChanges="keyboard|keyboardHidden|screenLayout|screenSize|orientation"
133-->[com.firebaseui:firebase-ui-auth:6.4.0] AndroidManifest.xml:85:13-96
134            android:label="@string/app_name" />
134-->[com.firebaseui:firebase-ui-auth:6.4.0] AndroidManifest.xml:86:13-45
135        <activity
135-->[com.firebaseui:firebase-ui-auth:6.4.0] AndroidManifest.xml:88:9-100:20
136            android:name="com.facebook.CustomTabActivity"
136-->[com.firebaseui:firebase-ui-auth:6.4.0] AndroidManifest.xml:89:13-58
137            android:exported="true" >
137-->[com.firebaseui:firebase-ui-auth:6.4.0] AndroidManifest.xml:90:13-36
138            <intent-filter>
138-->[com.firebaseui:firebase-ui-auth:6.4.0] AndroidManifest.xml:92:13-99:29
139                <action android:name="android.intent.action.VIEW" />
139-->[com.firebaseui:firebase-ui-auth:6.4.0] AndroidManifest.xml:93:17-69
139-->[com.firebaseui:firebase-ui-auth:6.4.0] AndroidManifest.xml:93:25-66
140
141                <category android:name="android.intent.category.DEFAULT" />
141-->[com.firebaseui:firebase-ui-auth:6.4.0] AndroidManifest.xml:95:17-76
141-->[com.firebaseui:firebase-ui-auth:6.4.0] AndroidManifest.xml:95:27-73
142                <category android:name="android.intent.category.BROWSABLE" />
142-->[com.firebaseui:firebase-ui-auth:6.4.0] AndroidManifest.xml:96:17-78
142-->[com.firebaseui:firebase-ui-auth:6.4.0] AndroidManifest.xml:96:27-75
143
144                <data android:scheme="@string/facebook_login_protocol_scheme" />
144-->[com.firebaseui:firebase-ui-auth:6.4.0] AndroidManifest.xml:98:17-81
144-->[com.firebaseui:firebase-ui-auth:6.4.0] AndroidManifest.xml:98:23-78
145            </intent-filter>
146        </activity>
147
148        <provider
148-->[com.firebaseui:firebase-ui-auth:6.4.0] AndroidManifest.xml:102:9-106:38
149            android:name="com.firebase.ui.auth.data.client.AuthUiInitProvider"
149-->[com.firebaseui:firebase-ui-auth:6.4.0] AndroidManifest.xml:103:13-79
150            android:authorities="com.example.dalniapp.authuiinitprovider"
150-->[com.firebaseui:firebase-ui-auth:6.4.0] AndroidManifest.xml:104:13-70
151            android:exported="false"
151-->[com.firebaseui:firebase-ui-auth:6.4.0] AndroidManifest.xml:105:13-37
152            android:initOrder="90" />
152-->[com.firebaseui:firebase-ui-auth:6.4.0] AndroidManifest.xml:106:13-35
153
154        <service
154-->[com.google.firebase:firebase-database:19.6.0] AndroidManifest.xml:29:9-35:19
155            android:name="com.google.firebase.components.ComponentDiscoveryService"
155-->[com.google.firebase:firebase-database:19.6.0] AndroidManifest.xml:30:13-84
156            android:directBootAware="true"
156-->[com.google.firebase:firebase-common:19.5.0] AndroidManifest.xml:35:13-43
157            android:exported="false" >
157-->[com.google.firebase:firebase-database:19.6.0] AndroidManifest.xml:31:13-37
158            <meta-data
158-->[com.google.firebase:firebase-database:19.6.0] AndroidManifest.xml:32:13-34:85
159                android:name="com.google.firebase.components:com.google.firebase.database.DatabaseRegistrar"
159-->[com.google.firebase:firebase-database:19.6.0] AndroidManifest.xml:33:17-109
160                android:value="com.google.firebase.components.ComponentRegistrar" />
160-->[com.google.firebase:firebase-database:19.6.0] AndroidManifest.xml:34:17-82
161            <meta-data
161-->[com.google.firebase:firebase-auth:20.0.1] AndroidManifest.xml:77:13-79:85
162                android:name="com.google.firebase.components:com.google.firebase.auth.FirebaseAuthRegistrar"
162-->[com.google.firebase:firebase-auth:20.0.1] AndroidManifest.xml:78:17-109
163                android:value="com.google.firebase.components.ComponentRegistrar" />
163-->[com.google.firebase:firebase-auth:20.0.1] AndroidManifest.xml:79:17-82
164            <!--
165                This registrar is not defined in the dynamic-module-support sdk itself to allow non-firebase
166                clients to use it as well, by defining this registrar in their own core/common library.
167            -->
168            <meta-data
168-->[com.google.firebase:firebase-common:19.5.0] AndroidManifest.xml:43:13-45:85
169                android:name="com.google.firebase.components:com.google.firebase.dynamicloading.DynamicLoadingRegistrar"
169-->[com.google.firebase:firebase-common:19.5.0] AndroidManifest.xml:44:17-121
170                android:value="com.google.firebase.components.ComponentRegistrar" />
170-->[com.google.firebase:firebase-common:19.5.0] AndroidManifest.xml:45:17-82
171        </service> <!-- Needs to be explicitly declared on P+ -->
172        <uses-library
172-->[com.google.android.gms:play-services-maps:17.0.0] AndroidManifest.xml:33:9-35:40
173            android:name="org.apache.http.legacy"
173-->[com.google.android.gms:play-services-maps:17.0.0] AndroidManifest.xml:34:13-50
174            android:required="false" />
174-->[com.google.android.gms:play-services-maps:17.0.0] AndroidManifest.xml:35:13-37
175
176        <activity
176-->[com.google.firebase:firebase-auth:20.0.1] AndroidManifest.xml:27:9-44:20
177            android:name="com.google.firebase.auth.internal.GenericIdpActivity"
177-->[com.google.firebase:firebase-auth:20.0.1] AndroidManifest.xml:28:13-80
178            android:excludeFromRecents="true"
178-->[com.google.firebase:firebase-auth:20.0.1] AndroidManifest.xml:29:13-46
179            android:exported="true"
179-->[com.google.firebase:firebase-auth:20.0.1] AndroidManifest.xml:30:13-36
180            android:launchMode="singleTask"
180-->[com.google.firebase:firebase-auth:20.0.1] AndroidManifest.xml:31:13-44
181            android:theme="@android:style/Theme.Translucent.NoTitleBar" >
181-->[com.google.firebase:firebase-auth:20.0.1] AndroidManifest.xml:32:13-72
182            <intent-filter>
182-->[com.google.firebase:firebase-auth:20.0.1] AndroidManifest.xml:33:13-43:29
183                <action android:name="android.intent.action.VIEW" />
183-->[com.firebaseui:firebase-ui-auth:6.4.0] AndroidManifest.xml:93:17-69
183-->[com.firebaseui:firebase-ui-auth:6.4.0] AndroidManifest.xml:93:25-66
184
185                <category android:name="android.intent.category.DEFAULT" />
185-->[com.firebaseui:firebase-ui-auth:6.4.0] AndroidManifest.xml:95:17-76
185-->[com.firebaseui:firebase-ui-auth:6.4.0] AndroidManifest.xml:95:27-73
186                <category android:name="android.intent.category.BROWSABLE" />
186-->[com.firebaseui:firebase-ui-auth:6.4.0] AndroidManifest.xml:96:17-78
186-->[com.firebaseui:firebase-ui-auth:6.4.0] AndroidManifest.xml:96:27-75
187
188                <data
188-->[com.firebaseui:firebase-ui-auth:6.4.0] AndroidManifest.xml:98:17-81
189                    android:host="firebase.auth"
190                    android:path="/"
191                    android:scheme="genericidp" />
191-->[com.firebaseui:firebase-ui-auth:6.4.0] AndroidManifest.xml:98:23-78
192            </intent-filter>
193        </activity>
194        <activity
194-->[com.google.firebase:firebase-auth:20.0.1] AndroidManifest.xml:45:9-62:20
195            android:name="com.google.firebase.auth.internal.RecaptchaActivity"
195-->[com.google.firebase:firebase-auth:20.0.1] AndroidManifest.xml:46:13-79
196            android:excludeFromRecents="true"
196-->[com.google.firebase:firebase-auth:20.0.1] AndroidManifest.xml:47:13-46
197            android:exported="true"
197-->[com.google.firebase:firebase-auth:20.0.1] AndroidManifest.xml:48:13-36
198            android:launchMode="singleTask"
198-->[com.google.firebase:firebase-auth:20.0.1] AndroidManifest.xml:49:13-44
199            android:theme="@android:style/Theme.Translucent.NoTitleBar" >
199-->[com.google.firebase:firebase-auth:20.0.1] AndroidManifest.xml:50:13-72
200            <intent-filter>
200-->[com.google.firebase:firebase-auth:20.0.1] AndroidManifest.xml:51:13-61:29
201                <action android:name="android.intent.action.VIEW" />
201-->[com.firebaseui:firebase-ui-auth:6.4.0] AndroidManifest.xml:93:17-69
201-->[com.firebaseui:firebase-ui-auth:6.4.0] AndroidManifest.xml:93:25-66
202
203                <category android:name="android.intent.category.DEFAULT" />
203-->[com.firebaseui:firebase-ui-auth:6.4.0] AndroidManifest.xml:95:17-76
203-->[com.firebaseui:firebase-ui-auth:6.4.0] AndroidManifest.xml:95:27-73
204                <category android:name="android.intent.category.BROWSABLE" />
204-->[com.firebaseui:firebase-ui-auth:6.4.0] AndroidManifest.xml:96:17-78
204-->[com.firebaseui:firebase-ui-auth:6.4.0] AndroidManifest.xml:96:27-75
205
206                <data
206-->[com.firebaseui:firebase-ui-auth:6.4.0] AndroidManifest.xml:98:17-81
207                    android:host="firebase.auth"
208                    android:path="/"
209                    android:scheme="recaptcha" />
209-->[com.firebaseui:firebase-ui-auth:6.4.0] AndroidManifest.xml:98:23-78
210            </intent-filter>
211        </activity>
212
213        <service
213-->[com.google.firebase:firebase-auth:20.0.1] AndroidManifest.xml:64:9-73:19
214            android:name="com.google.firebase.auth.api.fallback.service.FirebaseAuthFallbackService"
214-->[com.google.firebase:firebase-auth:20.0.1] AndroidManifest.xml:65:13-101
215            android:enabled="true"
215-->[com.google.firebase:firebase-auth:20.0.1] AndroidManifest.xml:66:13-35
216            android:exported="false" >
216-->[com.google.firebase:firebase-auth:20.0.1] AndroidManifest.xml:67:13-37
217            <intent-filter>
217-->[com.google.firebase:firebase-auth:20.0.1] AndroidManifest.xml:68:13-72:29
218                <action android:name="com.google.firebase.auth.api.gms.service.START" />
218-->[com.google.firebase:firebase-auth:20.0.1] AndroidManifest.xml:69:17-89
218-->[com.google.firebase:firebase-auth:20.0.1] AndroidManifest.xml:69:25-86
219
220                <category android:name="android.intent.category.DEFAULT" />
220-->[com.firebaseui:firebase-ui-auth:6.4.0] AndroidManifest.xml:95:17-76
220-->[com.firebaseui:firebase-ui-auth:6.4.0] AndroidManifest.xml:95:27-73
221            </intent-filter>
222        </service>
223
224        <activity
224-->[com.google.android.gms:play-services-auth:17.0.0] AndroidManifest.xml:23:9-27:75
225            android:name="com.google.android.gms.auth.api.signin.internal.SignInHubActivity"
225-->[com.google.android.gms:play-services-auth:17.0.0] AndroidManifest.xml:24:13-93
226            android:excludeFromRecents="true"
226-->[com.google.android.gms:play-services-auth:17.0.0] AndroidManifest.xml:25:13-46
227            android:exported="false"
227-->[com.google.android.gms:play-services-auth:17.0.0] AndroidManifest.xml:26:13-37
228            android:theme="@android:style/Theme.Translucent.NoTitleBar" />
228-->[com.google.android.gms:play-services-auth:17.0.0] AndroidManifest.xml:27:13-72
229        <!--
230            Service handling Google Sign-In user revocation. For apps that do not integrate with
231            Google Sign-In, this service will never be started.
232        -->
233        <service
233-->[com.google.android.gms:play-services-auth:17.0.0] AndroidManifest.xml:33:9-36:110
234            android:name="com.google.android.gms.auth.api.signin.RevocationBoundService"
234-->[com.google.android.gms:play-services-auth:17.0.0] AndroidManifest.xml:34:13-89
235            android:exported="true"
235-->[com.google.android.gms:play-services-auth:17.0.0] AndroidManifest.xml:35:13-36
236            android:permission="com.google.android.gms.auth.api.signin.permission.REVOCATION_NOTIFICATION" />
236-->[com.google.android.gms:play-services-auth:17.0.0] AndroidManifest.xml:36:13-107
237
238        <activity
238-->[com.google.android.gms:play-services-base:17.1.0] AndroidManifest.xml:23:9-26:75
239            android:name="com.google.android.gms.common.api.GoogleApiActivity"
239-->[com.google.android.gms:play-services-base:17.1.0] AndroidManifest.xml:24:13-79
240            android:exported="false"
240-->[com.google.android.gms:play-services-base:17.1.0] AndroidManifest.xml:25:13-37
241            android:theme="@android:style/Theme.Translucent.NoTitleBar" />
241-->[com.google.android.gms:play-services-base:17.1.0] AndroidManifest.xml:26:13-72
242
243        <provider
243-->[com.google.firebase:firebase-common:19.5.0] AndroidManifest.xml:26:9-31:39
244            android:name="com.google.firebase.provider.FirebaseInitProvider"
244-->[com.google.firebase:firebase-common:19.5.0] AndroidManifest.xml:27:13-77
245            android:authorities="com.example.dalniapp.firebaseinitprovider"
245-->[com.google.firebase:firebase-common:19.5.0] AndroidManifest.xml:28:13-72
246            android:directBootAware="true"
246-->[com.google.firebase:firebase-common:19.5.0] AndroidManifest.xml:29:13-43
247            android:exported="false"
247-->[com.google.firebase:firebase-common:19.5.0] AndroidManifest.xml:30:13-37
248            android:initOrder="100" />
248-->[com.google.firebase:firebase-common:19.5.0] AndroidManifest.xml:31:13-36
249        <provider
249-->[androidx.lifecycle:lifecycle-process:2.1.0] AndroidManifest.xml:23:9-27:43
250            android:name="androidx.lifecycle.ProcessLifecycleOwnerInitializer"
250-->[androidx.lifecycle:lifecycle-process:2.1.0] AndroidManifest.xml:24:13-79
251            android:authorities="com.example.dalniapp.lifecycle-process"
251-->[androidx.lifecycle:lifecycle-process:2.1.0] AndroidManifest.xml:25:13-69
252            android:exported="false"
252-->[androidx.lifecycle:lifecycle-process:2.1.0] AndroidManifest.xml:26:13-37
253            android:multiprocess="true" />
253-->[androidx.lifecycle:lifecycle-process:2.1.0] AndroidManifest.xml:27:13-40
254    </application>
255
256</manifest>